<?xml version="1.0" encoding="UTF-8"?>
<!-- Generated by org.testng.reporters.JUnitReportReporter -->
<testsuite hostname="5CD1394VYK" failures="0" tests="1" name="regressionTests.Billings" time="87.859" errors="0" timestamp="2022-11-23T12:16:05 IST" skipped="0">
  <testcase classname="regressionTests.Billings" name="billingProcess" time="87.859"/>
  <system-out/>
</testsuite> <!-- regressionTests.Billings -->
