<?xml version="1.0" encoding="UTF-8"?>
<!-- Generated by org.testng.reporters.JUnitReportReporter -->
<testsuite hostname="5CD1394VYK" failures="0" tests="1" name="regressionTests.ALAuto" time="64.597" errors="0" timestamp="2022-11-14T14:42:01 IST" skipped="0">
  <testcase classname="regressionTests.ALAuto" name="AL001" time="64.597"/>
  <system-out/>
</testsuite> <!-- regressionTests.ALAuto -->
