<?xml version="1.0" encoding="UTF-8"?>
<!-- Generated by org.testng.reporters.JUnitReportReporter -->
<testsuite hostname="5CD1394VYK" failures="0" tests="1" name="regressionTests.Claim" time="75.520" errors="0" timestamp="2022-11-22T17:22:36 IST" skipped="0">
  <testcase classname="regressionTests.Claim" name="createClaim" time="75.520"/>
  <system-out/>
</testsuite> <!-- regressionTests.Claim -->
